<?xml version="1.0" encoding="UTF-8"?>
<!-- Generated by org.testng.reporters.JUnitXMLReporter -->
<testsuite hostname="DESKTOP-OA5BPD3" name="Test" tests="3" failures="0" timestamp="7 Mar 2019 06:38:35 GMT" time="34.568" errors="0">
  <testcase name="basePageNavigation" time="15.961" classname="swastick.com.HomePage"/>
  <testcase name="basePageNavigation" time="7.479" classname="swastick.com.HomePage"/>
  <testcase name="basePageNavigation" time="4.823" classname="swastick.com.TitleValidate"/>
</testsuite> <!-- Test -->
